<?xml version="1.0" encoding="UTF-8"?>
<testsuite name="com.company.snaper.SnaperApplicationTests" tests="1" skipped="0" failures="0" errors="0" timestamp="2023-11-29T12:10:46" hostname="UMIIDI" time="0.571">
  <properties/>
  <testcase name="contextLoads()" classname="com.company.snaper.SnaperApplicationTests" time="0.571"/>
  <system-out><![CDATA[16:10:41.081 [Test worker] DEBUG org.springframework.test.context.BootstrapUtils - Instantiating CacheAwareContextLoaderDelegate from class [org.springframework.test.context.cache.DefaultCacheAwareContextLoaderDelegate]
16:10:41.094 [Test worker] DEBUG org.springframework.test.context.BootstrapUtils - Instantiating BootstrapContext using constructor [public org.springframework.test.context.support.DefaultBootstrapContext(java.lang.Class,org.springframework.test.context.CacheAwareContextLoaderDelegate)]
16:10:41.131 [Test worker] DEBUG org.springframework.test.context.BootstrapUtils - Instantiating TestContextBootstrapper for test class [com.company.snaper.SnaperApplicationTests] from class [org.springframework.boot.test.context.SpringBootTestContextBootstrapper]
16:10:41.146 [Test worker] INFO org.springframework.boot.test.context.SpringBootTestContextBootstrapper - Neither @ContextConfiguration nor @ContextHierarchy found for test class [com.company.snaper.SnaperApplicationTests], using SpringBootContextLoader
16:10:41.150 [Test worker] DEBUG org.springframework.test.context.support.AbstractContextLoader - Did not detect default resource location for test class [com.company.snaper.SnaperApplicationTests]: class path resource [com/company/snaper/SnaperApplicationTests-context.xml] does not exist
16:10:41.151 [Test worker] DEBUG org.springframework.test.context.support.AbstractContextLoader - Did not detect default resource location for test class [com.company.snaper.SnaperApplicationTests]: class path resource [com/company/snaper/SnaperApplicationTestsContext.groovy] does not exist
16:10:41.151 [Test worker] INFO org.springframework.test.context.support.AbstractContextLoader - Could not detect default resource locations for test class [com.company.snaper.SnaperApplicationTests]: no resource found for suffixes {-context.xml, Context.groovy}.
16:10:41.153 [Test worker] INFO org.springframework.test.context.support.AnnotationConfigContextLoaderUtils - Could not detect default configuration classes for test class [com.company.snaper.SnaperApplicationTests]: SnaperApplicationTests does not declare any static, non-private, non-final, nested classes annotated with @Configuration.
16:10:41.199 [Test worker] DEBUG org.springframework.test.context.support.ActiveProfilesUtils - Could not find an 'annotation declaring class' for annotation type [org.springframework.test.context.ActiveProfiles] and class [com.company.snaper.SnaperApplicationTests]
16:10:41.261 [Test worker] DEBUG org.springframework.context.annotation.ClassPathScanningCandidateComponentProvider - Identified candidate component class: file [C:\Users\Umid\Documents\Workspace\snaper-app\build\classes\java\main\com\company\snaper\SnaperApplication.class]
16:10:41.263 [Test worker] INFO org.springframework.boot.test.context.SpringBootTestContextBootstrapper - Found @SpringBootConfiguration com.company.snaper.SnaperApplication for test class com.company.snaper.SnaperApplicationTests
16:10:41.377 [Test worker] DEBUG org.springframework.boot.test.context.SpringBootTestContextBootstrapper - @TestExecutionListeners is not present for class [com.company.snaper.SnaperApplicationTests]: using defaults.
16:10:41.377 [Test worker] INFO org.springframework.boot.test.context.SpringBootTestContextBootstrapper - Loaded default TestExecutionListener class names from location [META-INF/spring.factories]: [org.springframework.security.test.context.support.WithSecurityContextTestExecutionListener, org.springframework.security.test.context.support.ReactorContextTestExecutionListener, org.springframework.boot.test.autoconfigure.restdocs.RestDocsTestExecutionListener, org.springframework.boot.test.autoconfigure.web.client.MockRestServiceServerResetTestExecutionListener, org.springframework.boot.test.autoconfigure.web.servlet.MockMvcPrintOnlyOnFailureTestExecutionListener, org.springframework.boot.test.autoconfigure.web.servlet.WebDriverTestExecutionListener, org.springframework.boot.test.autoconfigure.webservices.client.MockWebServiceServerTestExecutionListener, org.springframework.boot.test.mock.mockito.MockitoTestExecutionListener, org.springframework.boot.test.mock.mockito.ResetMocksTestExecutionListener, org.springframework.test.context.web.ServletTestExecutionListener, org.springframework.test.context.support.DirtiesContextBeforeModesTestExecutionListener, org.springframework.test.context.event.ApplicationEventsTestExecutionListener, org.springframework.test.context.support.DependencyInjectionTestExecutionListener, org.springframework.test.context.support.DirtiesContextTestExecutionListener, org.springframework.test.context.transaction.TransactionalTestExecutionListener, org.springframework.test.context.jdbc.SqlScriptsTestExecutionListener, org.springframework.test.context.event.EventPublishingTestExecutionListener]
16:10:41.409 [Test worker] INFO org.springframework.boot.test.context.SpringBootTestContextBootstrapper - Using TestExecutionListeners: [org.springframework.test.context.web.ServletTestExecutionListener@5d465e4b, org.springframework.test.context.support.DirtiesContextBeforeModesTestExecutionListener@53e211ee, org.springframework.test.context.event.ApplicationEventsTestExecutionListener@41a90fa8, org.springframework.boot.test.mock.mockito.MockitoTestExecutionListener@3d8bbcdc, org.springframework.boot.test.autoconfigure.SpringBootDependencyInjectionTestExecutionListener@52500920, org.springframework.test.context.support.DirtiesContextTestExecutionListener@117e0fe5, org.springframework.test.context.transaction.TransactionalTestExecutionListener@18a3962d, org.springframework.test.context.jdbc.SqlScriptsTestExecutionListener@78aea4b9, org.springframework.security.test.context.support.WithSecurityContextTestExecutionListener@2a65bb85, org.springframework.test.context.event.EventPublishingTestExecutionListener@4b85880b, org.springframework.security.test.context.support.ReactorContextTestExecutionListener@4f936da8, org.springframework.boot.test.autoconfigure.restdocs.RestDocsTestExecutionListener@4215838f, org.springframework.boot.test.autoconfigure.web.client.MockRestServiceServerResetTestExecutionListener@452ba1db, org.springframework.boot.test.autoconfigure.web.servlet.MockMvcPrintOnlyOnFailureTestExecutionListener@2289aca5, org.springframework.boot.test.autoconfigure.web.servlet.WebDriverTestExecutionListener@76a36b71, org.springframework.boot.test.autoconfigure.webservices.client.MockWebServiceServerTestExecutionListener@184497d1, org.springframework.boot.test.mock.mockito.ResetMocksTestExecutionListener@f9d87b]
16:10:41.414 [Test worker] DEBUG org.springframework.test.context.support.AbstractDirtiesContextTestExecutionListener - Before test class: context [DefaultTestContext@6a62689d testClass = SnaperApplicationTests, testInstance = [null], testMethod = [null], testException = [null], mergedContextConfiguration = [WebMergedContextConfiguration@4602c2a9 testClass = SnaperApplicationTests, locations = '{}', classes = '{class com.company.snaper.SnaperApplication}', contextInitializerClasses = '[]', activeProfiles = '{}', propertySourceLocations = '{}', propertySourceProperties = '{org.springframework.boot.test.context.SpringBootTestContextBootstrapper=true}', contextCustomizers = set[org.springframework.boot.test.autoconfigure.actuate.metrics.MetricsExportContextCustomizerFactory$DisableMetricExportContextCustomizer@4b1d6571, org.springframework.boot.test.autoconfigure.properties.PropertyMappingContextCustomizer@0, org.springframework.boot.test.autoconfigure.web.servlet.WebDriverContextCustomizerFactory$Customizer@22d7b4f8, org.springframework.boot.test.context.filter.ExcludeFilterContextCustomizer@4982cc36, org.springframework.boot.test.json.DuplicateJsonObjectContextCustomizerFactory$DuplicateJsonObjectContextCustomizer@71529963, org.springframework.boot.test.mock.mockito.MockitoContextCustomizer@0, org.springframework.boot.test.web.client.TestRestTemplateContextCustomizer@46944ca9, org.springframework.boot.test.context.SpringBootTestArgs@1, org.springframework.boot.test.context.SpringBootTestWebEnvironment@22ef9844], resourceBasePath = 'src/main/webapp', contextLoader = 'org.springframework.boot.test.context.SpringBootContextLoader', parent = [null]], attributes = map['org.springframework.test.context.web.ServletTestExecutionListener.activateListener' -> true]], class annotated with @DirtiesContext [false] with mode [null].

  .   ____          _            __ _ _
 /\\ / ___'_ __ _ _(_)_ __  __ _ \ \ \ \
( ( )\___ | '_ | '_| | '_ \/ _` | \ \ \ \
 \\/  ___)| |_)| | | | | || (_| |  ) ) ) )
  '  |____| .__|_| |_|_| |_\__, | / / / /
 =========|_|==============|___/=/_/_/_/
 :: Spring Boot ::               (v2.7.17)

2023-11-29 16:10:41.932  INFO 18896 --- [    Test worker] c.company.snaper.SnaperApplicationTests  : Starting SnaperApplicationTests using Java 20.0.1 on Umiidi with PID 18896 (started by Umid in C:\Users\Umid\Documents\Workspace\snaper-app)
2023-11-29 16:10:41.934  INFO 18896 --- [    Test worker] c.company.snaper.SnaperApplicationTests  : No active profile set, falling back to 1 default profile: "default"
2023-11-29 16:10:43.983  INFO 18896 --- [    Test worker] o.s.s.web.DefaultSecurityFilterChain     : Will secure any request with [org.springframework.security.web.session.DisableEncodeUrlFilter@796d33eb, org.springframework.security.web.context.request.async.WebAsyncManagerIntegrationFilter@5c059a68, org.springframework.security.web.context.SecurityContextPersistenceFilter@4f281aaf, org.springframework.security.web.header.HeaderWriterFilter@7f73ce28, org.springframework.security.web.authentication.logout.LogoutFilter@3f8dfe74, com.company.snaper.filters.AuthFilter@21ea996f, org.springframework.security.web.authentication.www.BasicAuthenticationFilter@79b18230, org.springframework.security.web.savedrequest.RequestCacheAwareFilter@2bb41f5c, org.springframework.security.web.servletapi.SecurityContextHolderAwareRequestFilter@24c685e7, org.springframework.security.web.authentication.AnonymousAuthenticationFilter@3f9b7fe1, org.springframework.security.web.session.SessionManagementFilter@5efeb117, org.springframework.security.web.access.ExceptionTranslationFilter@2c0c4c0a, org.springframework.security.web.access.intercept.AuthorizationFilter@6c977dcf]
2023-11-29 16:10:46.415  WARN 18896 --- [    Test worker] o.s.s.c.a.web.builders.WebSecurity       : You are asking Spring Security to ignore Ant [pattern='/v3/api-docs/**']. This is not recommended -- please use permitAll via HttpSecurity#authorizeHttpRequests instead.
2023-11-29 16:10:46.415  INFO 18896 --- [    Test worker] o.s.s.web.DefaultSecurityFilterChain     : Will not secure Ant [pattern='/v3/api-docs/**']
2023-11-29 16:10:46.416  WARN 18896 --- [    Test worker] o.s.s.c.a.web.builders.WebSecurity       : You are asking Spring Security to ignore Ant [pattern='/swagger-ui/**']. This is not recommended -- please use permitAll via HttpSecurity#authorizeHttpRequests instead.
2023-11-29 16:10:46.416  INFO 18896 --- [    Test worker] o.s.s.web.DefaultSecurityFilterChain     : Will not secure Ant [pattern='/swagger-ui/**']
2023-11-29 16:10:46.416  WARN 18896 --- [    Test worker] o.s.s.c.a.web.builders.WebSecurity       : You are asking Spring Security to ignore Ant [pattern='/swagger-ui.html']. This is not recommended -- please use permitAll via HttpSecurity#authorizeHttpRequests instead.
2023-11-29 16:10:46.416  INFO 18896 --- [    Test worker] o.s.s.web.DefaultSecurityFilterChain     : Will not secure Ant [pattern='/swagger-ui.html']
2023-11-29 16:10:46.540  INFO 18896 --- [    Test worker] c.company.snaper.SnaperApplicationTests  : Started SnaperApplicationTests in 5.073 seconds (JVM running for 6.661)
]]></system-out>
  <system-err><![CDATA[]]></system-err>
</testsuite>
