<?xml version="1.0" encoding="UTF-8"?>
<testsuite name="com.company.snaper.SnaperApplicationTests" tests="1" skipped="0" failures="0" errors="0" timestamp="2023-12-20T22:40:03" hostname="UMIIDI" time="0.509">
  <properties/>
  <testcase name="contextLoads()" classname="com.company.snaper.SnaperApplicationTests" time="0.509"/>
  <system-out><![CDATA[02:39:58.130 [Test worker] DEBUG org.springframework.test.context.BootstrapUtils - Instantiating CacheAwareContextLoaderDelegate from class [org.springframework.test.context.cache.DefaultCacheAwareContextLoaderDelegate]
02:39:58.144 [Test worker] DEBUG org.springframework.test.context.BootstrapUtils - Instantiating BootstrapContext using constructor [public org.springframework.test.context.support.DefaultBootstrapContext(java.lang.Class,org.springframework.test.context.CacheAwareContextLoaderDelegate)]
02:39:58.198 [Test worker] DEBUG org.springframework.test.context.BootstrapUtils - Instantiating TestContextBootstrapper for test class [com.company.snaper.SnaperApplicationTests] from class [org.springframework.boot.test.context.SpringBootTestContextBootstrapper]
02:39:58.210 [Test worker] INFO org.springframework.boot.test.context.SpringBootTestContextBootstrapper - Neither @ContextConfiguration nor @ContextHierarchy found for test class [com.company.snaper.SnaperApplicationTests], using SpringBootContextLoader
02:39:58.214 [Test worker] DEBUG org.springframework.test.context.support.AbstractContextLoader - Did not detect default resource location for test class [com.company.snaper.SnaperApplicationTests]: class path resource [com/company/snaper/SnaperApplicationTests-context.xml] does not exist
02:39:58.215 [Test worker] DEBUG org.springframework.test.context.support.AbstractContextLoader - Did not detect default resource location for test class [com.company.snaper.SnaperApplicationTests]: class path resource [com/company/snaper/SnaperApplicationTestsContext.groovy] does not exist
02:39:58.216 [Test worker] INFO org.springframework.test.context.support.AbstractContextLoader - Could not detect default resource locations for test class [com.company.snaper.SnaperApplicationTests]: no resource found for suffixes {-context.xml, Context.groovy}.
02:39:58.216 [Test worker] INFO org.springframework.test.context.support.AnnotationConfigContextLoaderUtils - Could not detect default configuration classes for test class [com.company.snaper.SnaperApplicationTests]: SnaperApplicationTests does not declare any static, non-private, non-final, nested classes annotated with @Configuration.
02:39:58.262 [Test worker] DEBUG org.springframework.test.context.support.ActiveProfilesUtils - Could not find an 'annotation declaring class' for annotation type [org.springframework.test.context.ActiveProfiles] and class [com.company.snaper.SnaperApplicationTests]
02:39:58.332 [Test worker] DEBUG org.springframework.context.annotation.ClassPathScanningCandidateComponentProvider - Identified candidate component class: file [C:\Users\Umid\Documents\Workspace\snaper-app\back\build\classes\java\main\com\company\SnaperApplication.class]
02:39:58.333 [Test worker] INFO org.springframework.boot.test.context.SpringBootTestContextBootstrapper - Found @SpringBootConfiguration com.company.SnaperApplication for test class com.company.snaper.SnaperApplicationTests
02:39:58.466 [Test worker] DEBUG org.springframework.boot.test.context.SpringBootTestContextBootstrapper - @TestExecutionListeners is not present for class [com.company.snaper.SnaperApplicationTests]: using defaults.
02:39:58.467 [Test worker] INFO org.springframework.boot.test.context.SpringBootTestContextBootstrapper - Loaded default TestExecutionListener class names from location [META-INF/spring.factories]: [org.springframework.security.test.context.support.WithSecurityContextTestExecutionListener, org.springframework.security.test.context.support.ReactorContextTestExecutionListener, org.springframework.boot.test.autoconfigure.restdocs.RestDocsTestExecutionListener, org.springframework.boot.test.autoconfigure.web.client.MockRestServiceServerResetTestExecutionListener, org.springframework.boot.test.autoconfigure.web.servlet.MockMvcPrintOnlyOnFailureTestExecutionListener, org.springframework.boot.test.autoconfigure.web.servlet.WebDriverTestExecutionListener, org.springframework.boot.test.autoconfigure.webservices.client.MockWebServiceServerTestExecutionListener, org.springframework.boot.test.mock.mockito.MockitoTestExecutionListener, org.springframework.boot.test.mock.mockito.ResetMocksTestExecutionListener, org.springframework.test.context.web.ServletTestExecutionListener, org.springframework.test.context.support.DirtiesContextBeforeModesTestExecutionListener, org.springframework.test.context.event.ApplicationEventsTestExecutionListener, org.springframework.test.context.support.DependencyInjectionTestExecutionListener, org.springframework.test.context.support.DirtiesContextTestExecutionListener, org.springframework.test.context.transaction.TransactionalTestExecutionListener, org.springframework.test.context.jdbc.SqlScriptsTestExecutionListener, org.springframework.test.context.event.EventPublishingTestExecutionListener]
02:39:58.498 [Test worker] INFO org.springframework.boot.test.context.SpringBootTestContextBootstrapper - Using TestExecutionListeners: [org.springframework.test.context.web.ServletTestExecutionListener@2289aca5, org.springframework.test.context.support.DirtiesContextBeforeModesTestExecutionListener@76a36b71, org.springframework.test.context.event.ApplicationEventsTestExecutionListener@184497d1, org.springframework.boot.test.mock.mockito.MockitoTestExecutionListener@f9d87b, org.springframework.boot.test.autoconfigure.SpringBootDependencyInjectionTestExecutionListener@6ffab045, org.springframework.test.context.support.DirtiesContextTestExecutionListener@26fb628, org.springframework.test.context.transaction.TransactionalTestExecutionListener@3e2943ab, org.springframework.test.context.jdbc.SqlScriptsTestExecutionListener@70dd7e15, org.springframework.security.test.context.support.WithSecurityContextTestExecutionListener@4a9f80d3, org.springframework.test.context.event.EventPublishingTestExecutionListener@35beb15e, org.springframework.security.test.context.support.ReactorContextTestExecutionListener@41fe9859, org.springframework.boot.test.autoconfigure.restdocs.RestDocsTestExecutionListener@5ac86ba5, org.springframework.boot.test.autoconfigure.web.client.MockRestServiceServerResetTestExecutionListener@6c67e137, org.springframework.boot.test.autoconfigure.web.servlet.MockMvcPrintOnlyOnFailureTestExecutionListener@2c9399a4, org.springframework.boot.test.autoconfigure.web.servlet.WebDriverTestExecutionListener@191ae03f, org.springframework.boot.test.autoconfigure.webservices.client.MockWebServiceServerTestExecutionListener@9635fa, org.springframework.boot.test.mock.mockito.ResetMocksTestExecutionListener@53ab0286]
02:39:58.504 [Test worker] DEBUG org.springframework.test.context.support.AbstractDirtiesContextTestExecutionListener - Before test class: context [DefaultTestContext@6865c751 testClass = SnaperApplicationTests, testInstance = [null], testMethod = [null], testException = [null], mergedContextConfiguration = [WebMergedContextConfiguration@62679465 testClass = SnaperApplicationTests, locations = '{}', classes = '{class com.company.SnaperApplication}', contextInitializerClasses = '[]', activeProfiles = '{}', propertySourceLocations = '{}', propertySourceProperties = '{org.springframework.boot.test.context.SpringBootTestContextBootstrapper=true}', contextCustomizers = set[org.springframework.boot.test.autoconfigure.actuate.metrics.MetricsExportContextCustomizerFactory$DisableMetricExportContextCustomizer@4b1d6571, org.springframework.boot.test.autoconfigure.properties.PropertyMappingContextCustomizer@0, org.springframework.boot.test.autoconfigure.web.servlet.WebDriverContextCustomizerFactory$Customizer@22d7b4f8, org.springframework.boot.test.context.filter.ExcludeFilterContextCustomizer@4982cc36, org.springframework.boot.test.json.DuplicateJsonObjectContextCustomizerFactory$DuplicateJsonObjectContextCustomizer@71529963, org.springframework.boot.test.mock.mockito.MockitoContextCustomizer@0, org.springframework.boot.test.web.client.TestRestTemplateContextCustomizer@46944ca9, org.springframework.boot.test.context.SpringBootTestArgs@1, org.springframework.boot.test.context.SpringBootTestWebEnvironment@22ef9844], resourceBasePath = 'src/main/webapp', contextLoader = 'org.springframework.boot.test.context.SpringBootContextLoader', parent = [null]], attributes = map['org.springframework.test.context.web.ServletTestExecutionListener.activateListener' -> true]], class annotated with @DirtiesContext [false] with mode [null].

  .   ____          _            __ _ _
 /\\ / ___'_ __ _ _(_)_ __  __ _ \ \ \ \
( ( )\___ | '_ | '_| | '_ \/ _` | \ \ \ \
 \\/  ___)| |_)| | | | | || (_| |  ) ) ) )
  '  |____| .__|_| |_|_| |_\__, | / / / /
 =========|_|==============|___/=/_/_/_/
 :: Spring Boot ::               (v2.7.17)

2023-12-21 02:39:58.948  INFO 16988 --- [    Test worker] c.company.snaper.SnaperApplicationTests  : Starting SnaperApplicationTests using Java 20.0.1 on Umiidi with PID 16988 (started by Umid in C:\Users\Umid\Documents\Workspace\snaper-app\back)
2023-12-21 02:39:58.950  INFO 16988 --- [    Test worker] c.company.snaper.SnaperApplicationTests  : No active profile set, falling back to 1 default profile: "default"
2023-12-21 02:40:02.469  INFO 16988 --- [    Test worker] o.s.s.web.DefaultSecurityFilterChain     : Will secure any request with [org.springframework.security.web.session.DisableEncodeUrlFilter@2a8f8555, org.springframework.security.web.context.request.async.WebAsyncManagerIntegrationFilter@402b4f81, org.springframework.security.web.context.SecurityContextPersistenceFilter@251c4280, org.springframework.security.web.header.HeaderWriterFilter@3a1f2a1, org.springframework.web.filter.CorsFilter@13ef7fa1, org.springframework.security.web.authentication.logout.LogoutFilter@525b1b70, com.company.filters.AuthFilter@23b1aa9, org.springframework.security.web.authentication.www.BasicAuthenticationFilter@7de147e9, org.springframework.security.web.savedrequest.RequestCacheAwareFilter@182e7eda, org.springframework.security.web.servletapi.SecurityContextHolderAwareRequestFilter@5f61371d, org.springframework.security.web.authentication.AnonymousAuthenticationFilter@54489296, org.springframework.security.web.session.SessionManagementFilter@5d508d22, org.springframework.security.web.access.ExceptionTranslationFilter@611b35d6, org.springframework.security.web.access.intercept.AuthorizationFilter@307af381]
2023-12-21 02:40:03.006  WARN 16988 --- [    Test worker] o.s.s.c.a.web.builders.WebSecurity       : You are asking Spring Security to ignore Ant [pattern='/v3/api-docs/**']. This is not recommended -- please use permitAll via HttpSecurity#authorizeHttpRequests instead.
2023-12-21 02:40:03.007  INFO 16988 --- [    Test worker] o.s.s.web.DefaultSecurityFilterChain     : Will not secure Ant [pattern='/v3/api-docs/**']
2023-12-21 02:40:03.007  WARN 16988 --- [    Test worker] o.s.s.c.a.web.builders.WebSecurity       : You are asking Spring Security to ignore Ant [pattern='/swagger-ui/**']. This is not recommended -- please use permitAll via HttpSecurity#authorizeHttpRequests instead.
2023-12-21 02:40:03.007  INFO 16988 --- [    Test worker] o.s.s.web.DefaultSecurityFilterChain     : Will not secure Ant [pattern='/swagger-ui/**']
2023-12-21 02:40:03.008  WARN 16988 --- [    Test worker] o.s.s.c.a.web.builders.WebSecurity       : You are asking Spring Security to ignore Ant [pattern='/swagger-ui.html']. This is not recommended -- please use permitAll via HttpSecurity#authorizeHttpRequests instead.
2023-12-21 02:40:03.008  INFO 16988 --- [    Test worker] o.s.s.web.DefaultSecurityFilterChain     : Will not secure Ant [pattern='/swagger-ui.html']
2023-12-21 02:40:03.129  INFO 16988 --- [    Test worker] c.company.snaper.SnaperApplicationTests  : Started SnaperApplicationTests in 4.566 seconds (JVM running for 6.101)
]]></system-out>
  <system-err><![CDATA[]]></system-err>
</testsuite>
